<?xml version="1.0" encoding="UTF-8"?>
<testng-results ignored="0" total="1" passed="1" failed="0" skipped="0">
  <reporter-output>
  </reporter-output>
  <suite started-at="2024-06-12T13:37:31 IST" name="Default suite" finished-at="2024-06-12T13:37:33 IST" duration-ms="2124">
    <groups>
    </groups>
    <test started-at="2024-06-12T13:37:31 IST" name="Default test" finished-at="2024-06-12T13:37:33 IST" duration-ms="2124">
      <class name="RestAssured.Get2Products">
        <test-method signature="get2Products()[pri:0, instance:RestAssured.Get2Products@4b45a2f5]" started-at="2024-06-12T13:37:31 IST" name="get2Products" finished-at="2024-06-12T13:37:33 IST" duration-ms="2067" status="PASS">
          <reporter-output>
          </reporter-output>
        </test-method> <!-- get2Products -->
      </class> <!-- RestAssured.Get2Products -->
    </test> <!-- Default test -->
  </suite> <!-- Default suite -->
</testng-results>
